Using pre-set license
Built from '2020.3/staging' branch; Version is '2020.3.18f1 (a7d1c678663c) revision 10998214'; Using compiler version '192528614'; Build Type 'Release'
OS: 'Windows 10 Pro; OS build 19042.1466; Version 2009; 64bit' Language: 'ko' Physical Memory: 16281 MB
BatchMode: 1, IsHumanControllingUs: 0, StartBugReporterOnCrash: 0, Is64bit: 1, IsPro: 0

COMMAND LINE ARGUMENTS:
C:\Program Files\Unity\Hub\Editor\2020.3.18f1\Editor\Unity.exe
-adb2
-batchMode
-noUpm
-name
AssetImportWorker1
-projectPath
C:/UnityGithub/3DPlatFormerGame/3DPlatFormerGame
-logFile
Logs/AssetImportWorker1.log
-srvPort
55737
Successfully changed project path to: C:/UnityGithub/3DPlatFormerGame/3DPlatFormerGame
C:/UnityGithub/3DPlatFormerGame/3DPlatFormerGame
Using Asset Import Pipeline V2.
Refreshing native plugins compatible for Editor in 28.08 ms, found 2 plugins.
Preloading 0 native plugins for Editor in 0.00 ms.
Initialize engine version: 2020.3.18f1 (a7d1c678663c)
[Subsystems] Discovering subsystems at path C:/Program Files/Unity/Hub/Editor/2020.3.18f1/Editor/Data/Resources/UnitySubsystems
[Subsystems] Discovering subsystems at path C:/UnityGithub/3DPlatFormerGame/3DPlatFormerGame/Assets
GfxDevice: creating device client; threaded=0
Direct3D:
    Version:  Direct3D 11.0 [level 11.1]
    Renderer: NVIDIA GeForce GTX 1660 SUPER (ID=0x21c4)
    Vendor:   
    VRAM:     5991 MB
    Driver:   27.21.14.5751
Initialize mono
Mono path[0] = 'C:/Program Files/Unity/Hub/Editor/2020.3.18f1/Editor/Data/Managed'
Mono path[1] = 'C:/Program Files/Unity/Hub/Editor/2020.3.18f1/Editor/Data/MonoBleedingEdge/lib/mono/unityjit'
Mono config path = 'C:/Program Files/Unity/Hub/Editor/2020.3.18f1/Editor/Data/MonoBleedingEdge/etc'
Using monoOptions --debugger-agent=transport=dt_socket,embedding=1,server=y,suspend=n,address=127.0.0.1:56892
Begin MonoManager ReloadAssembly
Registering precompiled unity dll's ...
Register platform support module: C:/Program Files/Unity/Hub/Editor/2020.3.18f1/Editor/Data/PlaybackEngines/WindowsStandaloneSupport/UnityEditor.WindowsStandalone.Extensions.dll
Registered in 0.001235 seconds.
Native extension for WindowsStandalone target not found
Refreshing native plugins compatible for Editor in 27.14 ms, found 2 plugins.
Preloading 0 native plugins for Editor in 0.00 ms.
Mono: successfully reloaded assembly
- Completed reload, in  0.835 seconds
Domain Reload Profiling:
	ReloadAssembly (835ms)
		BeginReloadAssembly (45ms)
			ExecutionOrderSort (0ms)
			DisableScriptedObjects (0ms)
			BackupInstance (0ms)
			ReleaseScriptingObjects (0ms)
			CreateAndSetChildDomain (1ms)
		EndReloadAssembly (314ms)
			LoadAssemblies (44ms)
			RebuildTransferFunctionScriptingTraits (0ms)
			SetupTypeCache (117ms)
			ReleaseScriptCaches (0ms)
			RebuildScriptCaches (23ms)
			SetupLoadedEditorAssemblies (122ms)
				LogAssemblyErrors (0ms)
				InitializePlatformSupportModulesInManaged (3ms)
				SetLoadedEditorAssemblies (0ms)
				RefreshPlugins (27ms)
				BeforeProcessingInitializeOnLoad (12ms)
				ProcessInitializeOnLoadAttributes (58ms)
				ProcessInitializeOnLoadMethodAttributes (21ms)
				AfterProcessingInitializeOnLoad (0ms)
				EditorAssembliesLoaded (0ms)
			ExecutionOrderSort2 (0ms)
			AwakeInstancesAfterBackupRestoration (0ms)
Platform modules already initialized, skipping
Registering precompiled user dll's ...
Registered in 0.002133 seconds.
Begin MonoManager ReloadAssembly
Native extension for WindowsStandalone target not found
Refreshing native plugins compatible for Editor in 0.33 ms, found 2 plugins.
Preloading 0 native plugins for Editor in 0.00 ms.
Mono: successfully reloaded assembly
- Completed reload, in  0.757 seconds
Domain Reload Profiling:
	ReloadAssembly (758ms)
		BeginReloadAssembly (114ms)
			ExecutionOrderSort (0ms)
			DisableScriptedObjects (4ms)
			BackupInstance (0ms)
			ReleaseScriptingObjects (0ms)
			CreateAndSetChildDomain (14ms)
		EndReloadAssembly (599ms)
			LoadAssemblies (70ms)
			RebuildTransferFunctionScriptingTraits (0ms)
			SetupTypeCache (204ms)
			ReleaseScriptCaches (0ms)
			RebuildScriptCaches (33ms)
			SetupLoadedEditorAssemblies (227ms)
				LogAssemblyErrors (0ms)
				InitializePlatformSupportModulesInManaged (4ms)
				SetLoadedEditorAssemblies (0ms)
				RefreshPlugins (0ms)
				BeforeProcessingInitializeOnLoad (58ms)
				ProcessInitializeOnLoadAttributes (154ms)
				ProcessInitializeOnLoadMethodAttributes (8ms)
				AfterProcessingInitializeOnLoad (3ms)
				EditorAssembliesLoaded (0ms)
			ExecutionOrderSort2 (0ms)
			AwakeInstancesAfterBackupRestoration (5ms)
Platform modules already initialized, skipping
========================================================================
Worker process is ready to serve import requests
Launched and connected shader compiler UnityShaderCompiler.exe after 0.04 seconds
Refreshing native plugins compatible for Editor in 0.33 ms, found 2 plugins.
Preloading 0 native plugins for Editor in 0.00 ms.
Unloading 1477 Unused Serialized files (Serialized files now loaded: 0)
System memory in use before: 70.6 MB.
System memory in use after: 70.7 MB.

Unloading 20 unused Assets to reduce memory usage. Loaded Objects now: 1917.
Total: 2.136400 ms (FindLiveObjects: 0.129900 ms CreateObjectMapping: 0.041300 ms MarkObjects: 1.918500 ms  DeleteObjects: 0.046000 ms)

AssetImportParameters requested are different than current active one (requested -> active):
  custom:framework-win-MediaFoundation: 216162199b28c13a410421893ffa2e32 -> 
  custom:video-decoder-ogg-theora: a1e56fd34408186e4bbccfd4996cb3dc -> 
  custom:container-muxer-webm: aa71ff27fc2769a1b78a27578f13a17b -> 
  custom:container-demuxer-webm: 4f35f7cbe854078d1ac9338744f61a02 -> 
  custom:container-demuxer-ogg: 62fdf1f143b41e24485cea50d1cbac27 -> 
  custom:video-encoder-webm-vp8: eb34c28f22e8b96e1ab97ce403110664 -> 
  custom:video-decoder-webm-vp8: 9c59270c3fd7afecdb556c50c9e8de78 -> 
  custom:audio-decoder-ogg-vorbis: bf7c407c2cedff20999df2af8eb42d56 -> 
  custom:audio-encoder-webm-vorbis: bf7c407c2cedff20999df2af8eb42d56 -> 
========================================================================
Received Import Request.
  path: Assets/Ultimate Platformer Pack - Dec 2021/Level and Mechanics/OBJ/Bomb.obj
  artifactKey: Guid(6089a19436eb5954c8e60e8dca73a1c2) Importer(815301076,1909f56bfc062723c751e8b465ee728b)
Start importing Assets/Ultimate Platformer Pack - Dec 2021/Level and Mechanics/OBJ/Bomb.obj using Guid(6089a19436eb5954c8e60e8dca73a1c2) Importer(815301076,1909f56bfc062723c751e8b465ee728b)  -> (artifact id: 'bdd433d3a99d018dbae49a36cab61e09') in 0.101382 seconds 
  Import took 0.103371 seconds .

========================================================================
Received Import Request.
  Time since last request: 0.000202 seconds.
  path: Assets/Ultimate Platformer Pack - Dec 2021/Modular Platforms/Single Height/OBJ/Cube_Dirt_Side.obj
  artifactKey: Guid(faaf41c12e053ac4f8d5f4620a34af66) Importer(815301076,1909f56bfc062723c751e8b465ee728b)
Start importing Assets/Ultimate Platformer Pack - Dec 2021/Modular Platforms/Single Height/OBJ/Cube_Dirt_Side.obj using Guid(faaf41c12e053ac4f8d5f4620a34af66) Importer(815301076,1909f56bfc062723c751e8b465ee728b)  -> (artifact id: 'c279316a58e23be693bca65fbff40e74') in 0.026071 seconds 
  Import took 0.028254 seconds .

========================================================================
Received Import Request.
  Time since last request: 0.000176 seconds.
  path: Assets/Ultimate Platformer Pack - Dec 2021/Nature/OBJ/Cloud_1.obj
  artifactKey: Guid(19dea75d8c7419e4abcb9d8c108ca725) Importer(815301076,1909f56bfc062723c751e8b465ee728b)
Start importing Assets/Ultimate Platformer Pack - Dec 2021/Nature/OBJ/Cloud_1.obj using Guid(19dea75d8c7419e4abcb9d8c108ca725) Importer(815301076,1909f56bfc062723c751e8b465ee728b)  -> (artifact id: 'ef049e3a834bac198a750f29bea971ef') in 0.016231 seconds 
  Import took 0.018193 seconds .

========================================================================
Received Import Request.
  Time since last request: 0.000174 seconds.
  path: Assets/Ultimate Platformer Pack - Dec 2021/Level and Mechanics/OBJ/Lever.obj
  artifactKey: Guid(83a729371504e6b4294a8780749dcd50) Importer(815301076,1909f56bfc062723c751e8b465ee728b)
Start importing Assets/Ultimate Platformer Pack - Dec 2021/Level and Mechanics/OBJ/Lever.obj using Guid(83a729371504e6b4294a8780749dcd50) Importer(815301076,1909f56bfc062723c751e8b465ee728b)  -> (artifact id: '7629dc0185d73d4f88a0343d7e979868') in 0.025175 seconds 
  Import took 0.027361 seconds .

========================================================================
Received Import Request.
  Time since last request: 0.000177 seconds.
  path: Assets/Ultimate Platformer Pack - Dec 2021/Level and Mechanics/OBJ/Plant_Large.obj
  artifactKey: Guid(ccd6b7baa8cf96a46b7a315b53a9cce8) Importer(815301076,1909f56bfc062723c751e8b465ee728b)
Start importing Assets/Ultimate Platformer Pack - Dec 2021/Level and Mechanics/OBJ/Plant_Large.obj using Guid(ccd6b7baa8cf96a46b7a315b53a9cce8) Importer(815301076,1909f56bfc062723c751e8b465ee728b)  -> (artifact id: '363a8751873ce3f1966f573a298d541f') in 0.018992 seconds 
  Import took 0.021062 seconds .

========================================================================
Received Import Request.
  Time since last request: 0.000176 seconds.
  path: Assets/Ultimate Platformer Pack - Dec 2021/Level and Mechanics/OBJ/Cannon.obj
  artifactKey: Guid(3b12aacb6c1d021429b2c178a021e6e0) Importer(815301076,1909f56bfc062723c751e8b465ee728b)
Start importing Assets/Ultimate Platformer Pack - Dec 2021/Level and Mechanics/OBJ/Cannon.obj using Guid(3b12aacb6c1d021429b2c178a021e6e0) Importer(815301076,1909f56bfc062723c751e8b465ee728b)  -> (artifact id: 'b3904fd5edc8c25f19f921545d3ef232') in 0.038821 seconds 
  Import took 0.040865 seconds .

========================================================================
Received Import Request.
  Time since last request: 0.000179 seconds.
  path: Assets/Ultimate Platformer Pack - Dec 2021/Level and Mechanics/OBJ/Chest.obj
  artifactKey: Guid(6fafc263e93a90049bc73e7b630b47f1) Importer(815301076,1909f56bfc062723c751e8b465ee728b)
Start importing Assets/Ultimate Platformer Pack - Dec 2021/Level and Mechanics/OBJ/Chest.obj using Guid(6fafc263e93a90049bc73e7b630b47f1) Importer(815301076,1909f56bfc062723c751e8b465ee728b)  -> (artifact id: '98d2fb669e1f1516c338601005f95517') in 0.037933 seconds 
  Import took 0.039942 seconds .

========================================================================
Received Import Request.
  Time since last request: 0.000149 seconds.
  path: Assets/Ultimate Platformer Pack - Dec 2021/Level and Mechanics/OBJ/Hazard_Cylinder.obj
  artifactKey: Guid(5ca9ab52f1c00744e9375539c4278025) Importer(815301076,1909f56bfc062723c751e8b465ee728b)
Start importing Assets/Ultimate Platformer Pack - Dec 2021/Level and Mechanics/OBJ/Hazard_Cylinder.obj using Guid(5ca9ab52f1c00744e9375539c4278025) Importer(815301076,1909f56bfc062723c751e8b465ee728b)  -> (artifact id: 'be06f24b373f4c57f4bc39f043b9a469') in 0.022969 seconds 
  Import took 0.025064 seconds .

========================================================================
Received Import Request.
  Time since last request: 0.000211 seconds.
  path: Assets/Font/Cafe24Ssurround/Cafe24Ssurround SDF.asset
  artifactKey: Guid(e55798c0706ed854385215a511598570) Importer(815301076,1909f56bfc062723c751e8b465ee728b)
Start importing Assets/Font/Cafe24Ssurround/Cafe24Ssurround SDF.asset using Guid(e55798c0706ed854385215a511598570) Importer(815301076,1909f56bfc062723c751e8b465ee728b)  -> (artifact id: 'd8f03a0efdda0f22ce9b7121c6cc080e') in 0.108036 seconds 
  Import took 0.110431 seconds .

========================================================================
Received Import Request.
  Time since last request: 0.000173 seconds.
  path: Assets/Ultimate Platformer Pack - Dec 2021/Level and Mechanics/OBJ/Cannonball.obj
  artifactKey: Guid(a086d6ba8a722214baa8b44c41454475) Importer(815301076,1909f56bfc062723c751e8b465ee728b)
Start importing Assets/Ultimate Platformer Pack - Dec 2021/Level and Mechanics/OBJ/Cannonball.obj using Guid(a086d6ba8a722214baa8b44c41454475) Importer(815301076,1909f56bfc062723c751e8b465ee728b)  -> (artifact id: 'b2edf3849c759a5a70c8973b51ddc6a8') in 0.028873 seconds 
  Import took 0.031028 seconds .

========================================================================
Received Import Request.
  Time since last request: 0.000156 seconds.
  path: Assets/Ultimate Platformer Pack - Dec 2021/Cubes/OBJ/Cube_Exclamation.obj
  artifactKey: Guid(3b1f435c8190bb54588cac4ef198f16e) Importer(815301076,1909f56bfc062723c751e8b465ee728b)
Start importing Assets/Ultimate Platformer Pack - Dec 2021/Cubes/OBJ/Cube_Exclamation.obj using Guid(3b1f435c8190bb54588cac4ef198f16e) Importer(815301076,1909f56bfc062723c751e8b465ee728b)  -> (artifact id: '5b3ce2e343c3c1ac404ac76f1a904105') in 0.022237 seconds 
  Import took 0.024279 seconds .

========================================================================
Received Import Request.
  Time since last request: 0.000157 seconds.
  path: Assets/Ultimate Platformer Pack - Dec 2021/Modular Platforms/Single Height/OBJ/Cube_Grass_Side.obj
  artifactKey: Guid(501db562f7dcad24d8e7fa3b54a6dd75) Importer(815301076,1909f56bfc062723c751e8b465ee728b)
Start importing Assets/Ultimate Platformer Pack - Dec 2021/Modular Platforms/Single Height/OBJ/Cube_Grass_Side.obj using Guid(501db562f7dcad24d8e7fa3b54a6dd75) Importer(815301076,1909f56bfc062723c751e8b465ee728b)  -> (artifact id: '1efed19d2f69ed96e84038f482d74070') in 0.031764 seconds 
  Import took 0.033913 seconds .

========================================================================
Received Import Request.
  Time since last request: 0.000154 seconds.
  path: Assets/Ultimate Platformer Pack - Dec 2021/Modular Platforms/Single Height/OBJ/Cube_Grass_Center.obj
  artifactKey: Guid(bb034c50563171e47bae14ec0d84a823) Importer(815301076,1909f56bfc062723c751e8b465ee728b)
Start importing Assets/Ultimate Platformer Pack - Dec 2021/Modular Platforms/Single Height/OBJ/Cube_Grass_Center.obj using Guid(bb034c50563171e47bae14ec0d84a823) Importer(815301076,1909f56bfc062723c751e8b465ee728b)  -> (artifact id: '0307f5f3ddb0da0d9005ec222d7a830c') in 0.019140 seconds 
  Import took 0.021108 seconds .

========================================================================
Received Import Request.
  Time since last request: 0.000151 seconds.
  path: Assets/Ultimate Platformer Pack - Dec 2021/Modular Platforms/Single Height/OBJ/Cube_Grass_Corner.obj
  artifactKey: Guid(042d8d60fee91e345a91e0f8b8e2b1e5) Importer(815301076,1909f56bfc062723c751e8b465ee728b)
Start importing Assets/Ultimate Platformer Pack - Dec 2021/Modular Platforms/Single Height/OBJ/Cube_Grass_Corner.obj using Guid(042d8d60fee91e345a91e0f8b8e2b1e5) Importer(815301076,1909f56bfc062723c751e8b465ee728b)  -> (artifact id: '5db4e25aa4cd8d8cf724283704e2799b') in 0.034107 seconds 
  Import took 0.036177 seconds .

========================================================================
Received Import Request.
  Time since last request: 0.000156 seconds.
  path: Assets/Ultimate Platformer Pack - Dec 2021/Modular Platforms/3D/OBJ/Cube_Grass_SideCenter_Tall.obj
  artifactKey: Guid(3a5945e449ffa60408e339261dc9a3ea) Importer(815301076,1909f56bfc062723c751e8b465ee728b)
Start importing Assets/Ultimate Platformer Pack - Dec 2021/Modular Platforms/3D/OBJ/Cube_Grass_SideCenter_Tall.obj using Guid(3a5945e449ffa60408e339261dc9a3ea) Importer(815301076,1909f56bfc062723c751e8b465ee728b)  -> (artifact id: 'fb94a0e51973dee62ee235e67710153d') in 0.021178 seconds 
  Import took 0.023370 seconds .

========================================================================
Received Import Request.
  Time since last request: 0.000183 seconds.
  path: Assets/Ultimate Platformer Pack - Dec 2021/Cubes/OBJ/Cube_Grass_Single.obj
  artifactKey: Guid(ffdcc54384610e74dac97ef328a849ee) Importer(815301076,1909f56bfc062723c751e8b465ee728b)
Start importing Assets/Ultimate Platformer Pack - Dec 2021/Cubes/OBJ/Cube_Grass_Single.obj using Guid(ffdcc54384610e74dac97ef328a849ee) Importer(815301076,1909f56bfc062723c751e8b465ee728b)  -> (artifact id: '4c4a29d2764947902ec5197005465c91') in 0.027990 seconds 
  Import took 0.030273 seconds .

========================================================================
Received Import Request.
  Time since last request: 0.000178 seconds.
  path: Assets/Ultimate Platformer Pack - Dec 2021/Cubes/OBJ/Cube_Question.obj
  artifactKey: Guid(76d58d8ac8a16b04b98c30bfb0f835ad) Importer(815301076,1909f56bfc062723c751e8b465ee728b)
Start importing Assets/Ultimate Platformer Pack - Dec 2021/Cubes/OBJ/Cube_Question.obj using Guid(76d58d8ac8a16b04b98c30bfb0f835ad) Importer(815301076,1909f56bfc062723c751e8b465ee728b)  -> (artifact id: '75556d76ab3b5faf9d26703aad3e454f') in 0.034021 seconds 
  Import took 0.036277 seconds .

========================================================================
Received Import Request.
  Time since last request: 0.000191 seconds.
  path: Assets/Ultimate Platformer Pack - Dec 2021/Cubes/OBJ/Cube_Dirt_Single.obj
  artifactKey: Guid(7b946e6857b73bf48a90115ebda7e86a) Importer(815301076,1909f56bfc062723c751e8b465ee728b)
Start importing Assets/Ultimate Platformer Pack - Dec 2021/Cubes/OBJ/Cube_Dirt_Single.obj using Guid(7b946e6857b73bf48a90115ebda7e86a) Importer(815301076,1909f56bfc062723c751e8b465ee728b)  -> (artifact id: '4947c6a5892b6280f874abec73b25336') in 0.023460 seconds 
  Import took 0.025742 seconds .

========================================================================
Received Prepare
Registering precompiled user dll's ...
Registered in 0.002155 seconds.
Begin MonoManager ReloadAssembly
Native extension for WindowsStandalone target not found
Refreshing native plugins compatible for Editor in 0.34 ms, found 2 plugins.
Preloading 0 native plugins for Editor in 0.00 ms.
Mono: successfully reloaded assembly
- Completed reload, in  0.703 seconds
Domain Reload Profiling:
	ReloadAssembly (703ms)
		BeginReloadAssembly (86ms)
			ExecutionOrderSort (0ms)
			DisableScriptedObjects (4ms)
			BackupInstance (0ms)
			ReleaseScriptingObjects (0ms)
			CreateAndSetChildDomain (25ms)
		EndReloadAssembly (573ms)
			LoadAssemblies (68ms)
			RebuildTransferFunctionScriptingTraits (0ms)
			SetupTypeCache (202ms)
			ReleaseScriptCaches (1ms)
			RebuildScriptCaches (29ms)
			SetupLoadedEditorAssemblies (206ms)
				LogAssemblyErrors (0ms)
				InitializePlatformSupportModulesInManaged (4ms)
				SetLoadedEditorAssemblies (0ms)
				RefreshPlugins (0ms)
				BeforeProcessingInitializeOnLoad (52ms)
				ProcessInitializeOnLoadAttributes (141ms)
				ProcessInitializeOnLoadMethodAttributes (6ms)
				AfterProcessingInitializeOnLoad (3ms)
				EditorAssembliesLoaded (0ms)
			ExecutionOrderSort2 (0ms)
			AwakeInstancesAfterBackupRestoration (5ms)
Platform modules already initialized, skipping
Refreshing native plugins compatible for Editor in 0.34 ms, found 2 plugins.
Preloading 0 native plugins for Editor in 0.00 ms.
Unloading 1458 Unused Serialized files (Serialized files now loaded: 0)
System memory in use before: 72.8 MB.
System memory in use after: 72.9 MB.

Unloading 11 unused Assets to reduce memory usage. Loaded Objects now: 1964.
Total: 2.072900 ms (FindLiveObjects: 0.131700 ms CreateObjectMapping: 0.043000 ms MarkObjects: 1.886900 ms  DeleteObjects: 0.010500 ms)

AssetImportParameters requested are different than current active one (requested -> active):
  custom:framework-win-MediaFoundation: 216162199b28c13a410421893ffa2e32 -> 
  custom:video-decoder-ogg-theora: a1e56fd34408186e4bbccfd4996cb3dc -> 
  custom:container-muxer-webm: aa71ff27fc2769a1b78a27578f13a17b -> 
  custom:container-demuxer-webm: 4f35f7cbe854078d1ac9338744f61a02 -> 
  custom:container-demuxer-ogg: 62fdf1f143b41e24485cea50d1cbac27 -> 
  custom:video-encoder-webm-vp8: eb34c28f22e8b96e1ab97ce403110664 -> 
  custom:video-decoder-webm-vp8: 9c59270c3fd7afecdb556c50c9e8de78 -> 
  custom:audio-decoder-ogg-vorbis: bf7c407c2cedff20999df2af8eb42d56 -> 
  custom:audio-encoder-webm-vorbis: bf7c407c2cedff20999df2af8eb42d56 -> 
AssetImportWorkerClient::OnTransportError - code=2 error=End of file
